Hmm ... looks like a package

This is pdfTeX, Version 3.14159265-2.6-1.40.18 (TeX Live 2017) (preloaded format=pdflatex)
 restricted \write18 enabled.
entering extended mode
LaTeX2e <2017-04-15>
Babel <3.10> and hyphenation patterns for 84 language(s) loaded.
(./Rd2.tex
(/usr/local/texlive/2017/texmf-dist/tex/latex/base/book.cls
Document Class: book 2014/09/29 v1.4h Standard LaTeX document class
(/usr/local/texlive/2017/texmf-dist/tex/latex/base/bk10.clo))
(/Library/Frameworks/R.framework/Resources/share/texmf/tex/latex/Rd.sty
(/usr/local/texlive/2017/texmf-dist/tex/latex/base/ifthen.sty)
(/usr/local/texlive/2017/texmf-dist/tex/latex/tools/longtable.sty)
(/usr/local/texlive/2017/texmf-dist/tex/latex/tools/bm.sty)
(/usr/local/texlive/2017/texmf-dist/tex/latex/base/alltt.sty)
(/usr/local/texlive/2017/texmf-dist/tex/latex/tools/verbatim.sty)
(/usr/local/texlive/2017/texmf-dist/tex/latex/url/url.sty)
(/usr/local/texlive/2017/texmf-dist/tex/latex/base/textcomp.sty
(/usr/local/texlive/2017/texmf-dist/tex/latex/base/ts1enc.def))
(/usr/local/texlive/2017/texmf-dist/tex/latex/base/fontenc.sty
(/usr/local/texlive/2017/texmf-dist/tex/latex/base/t1enc.def))
(/usr/local/texlive/2017/texmf-dist/tex/latex/psnfss/times.sty)
(/usr/local/texlive/2017/texmf-dist/tex/latex/inconsolata/zi4.sty
`inconsolata-zi4' v1.112, 2017/01/04 Text macros for Inconsolata (msharpe)
(/usr/local/texlive/2017/texmf-dist/tex/latex/xkeyval/xkeyval.sty
(/usr/local/texlive/2017/texmf-dist/tex/generic/xkeyval/xkeyval.tex
(/usr/local/texlive/2017/texmf-dist/tex/generic/xkeyval/xkvutils.tex
(/usr/local/texlive/2017/texmf-dist/tex/generic/xkeyval/keyval.tex)))))
(/usr/local/texlive/2017/texmf-dist/tex/latex/graphics/color.sty
(/usr/local/texlive/2017/texmf-dist/tex/latex/graphics-cfg/color.cfg)
(/usr/local/texlive/2017/texmf-dist/tex/latex/graphics-def/pdftex.def
(/usr/local/texlive/2017/texmf-dist/tex/generic/oberdiek/infwarerr.sty)
(/usr/local/texlive/2017/texmf-dist/tex/generic/oberdiek/ltxcmds.sty)))
(/usr/local/texlive/2017/texmf-dist/tex/latex/hyperref/hyperref.sty
(/usr/local/texlive/2017/texmf-dist/tex/generic/oberdiek/hobsub-hyperref.sty
(/usr/local/texlive/2017/texmf-dist/tex/generic/oberdiek/hobsub-generic.sty))
(/usr/local/texlive/2017/texmf-dist/tex/generic/ifxetex/ifxetex.sty)
(/usr/local/texlive/2017/texmf-dist/tex/latex/oberdiek/auxhook.sty)
(/usr/local/texlive/2017/texmf-dist/tex/latex/oberdiek/kvoptions.sty)
(/usr/local/texlive/2017/texmf-dist/tex/latex/hyperref/pd1enc.def)
(/usr/local/texlive/2017/texmf-dist/tex/latex/latexconfig/hyperref.cfg))

Package hyperref Message: Driver (autodetected): hpdftex.

(/usr/local/texlive/2017/texmf-dist/tex/latex/hyperref/hpdftex.def
(/usr/local/texlive/2017/texmf-dist/tex/latex/oberdiek/rerunfilecheck.sty))

Package hyperref Warning: Option `hyperindex' has already been used,
(hyperref)                setting the option has no effect on input line 366.


Package hyperref Warning: Option `pagebackref' has already been used,
(hyperref)                setting the option has no effect on input line 366.

) (/usr/local/texlive/2017/texmf-dist/tex/latex/base/makeidx.sty)
(/usr/local/texlive/2017/texmf-dist/tex/latex/base/inputenc.sty
(/usr/local/texlive/2017/texmf-dist/tex/latex/base/utf8.def
(/usr/local/texlive/2017/texmf-dist/tex/latex/base/t1enc.dfu)
(/usr/local/texlive/2017/texmf-dist/tex/latex/base/ot1enc.dfu)
(/usr/local/texlive/2017/texmf-dist/tex/latex/base/omsenc.dfu)
(/usr/local/texlive/2017/texmf-dist/tex/latex/base/ts1enc.dfu)))
Writing index file Rd2.idx
No file Rd2.aux.
(/usr/local/texlive/2017/texmf-dist/tex/latex/base/ts1cmr.fd)
(/usr/local/texlive/2017/texmf-dist/tex/latex/psnfss/t1ptm.fd)
(/usr/local/texlive/2017/texmf-dist/tex/context/base/mkii/supp-pdf.mkii
[Loading MPS to PDF converter (version 2006.09.02).]
) (/usr/local/texlive/2017/texmf-dist/tex/latex/hyperref/nameref.sty
(/usr/local/texlive/2017/texmf-dist/tex/generic/oberdiek/gettitlestring.sty))
(/usr/local/texlive/2017/texmf-dist/tex/latex/base/utf8.def)
(/usr/local/texlive/2017/texmf-dist/tex/latex/inconsolata/t1zi4.fd)
(/usr/local/texlive/2017/texmf-dist/tex/latex/psnfss/t1phv.fd)
(/usr/local/texlive/2017/texmf-dist/tex/latex/base/utf8.def) [1{/usr/local/texl
ive/2017/texmf-var/fonts/map/pdftex/updmap/pdftex.map}]
(/usr/local/texlive/2017/texmf-dist/tex/latex/base/utf8.def) [2]
Overfull \hbox (112.5879pt too wide) in paragraph at lines 131--133
[]\T1/ptm/m/n/10 You can check the num-ber of calls you can still make in the A
PI us-ing \T1/zi4/m/n/10 attr(output, "headers")$x.query.limit.remaining
(/usr/local/texlive/2017/texmf-dist/tex/latex/base/utf8.def) [3]
Overfull \hbox (112.5879pt too wide) in paragraph at lines 195--197
[]\T1/ptm/m/n/10 You can check the num-ber of calls you can still make in the A
PI us-ing \T1/zi4/m/n/10 attr(output, "headers")$x.query.limit.remaining
[4] (/usr/local/texlive/2017/texmf-dist/tex/latex/base/utf8.def)
Overfull \hbox (72.92702pt too wide) in paragraph at lines 262--264
\T1/ptm/m/n/10 texts in in-put; max is 200, as per [Mon-keylearn documentation]
(docs.monkeylearn.com/article/api-

Overfull \hbox (254.28088pt too wide) in paragraph at lines 283--289
[][]$\T1/zi4/m/n/10 http : / / help . monkeylearn . com / frequently-[]asked-[]
questions / queries / can-[]i-[]classify-[]or-[]extract-[]more-[]than-[]one-[]t
ext-[]with-[]one-[]api-[]request$[][]\T1/ptm/m/n/10 .

Overfull \hbox (112.5879pt too wide) in paragraph at lines 290--292
[]\T1/ptm/m/n/10 You can check the num-ber of calls you can still make in the A
PI us-ing \T1/zi4/m/n/10 attr(output, "headers")$x.query.limit.remaining
[5] (/usr/local/texlive/2017/texmf-dist/tex/latex/base/utf8.def)
Overfull \hbox (72.92702pt too wide) in paragraph at lines 340--342
\T1/ptm/m/n/10 texts in in-put; max is 200, as per [Mon-keylearn documentation]
(docs.monkeylearn.com/article/api-
[6]
Overfull \hbox (254.28088pt too wide) in paragraph at lines 361--367
[][]$\T1/zi4/m/n/10 http : / / help . monkeylearn . com / frequently-[]asked-[]
questions / queries / can-[]i-[]classify-[]or-[]extract-[]more-[]than-[]one-[]t
ext-[]with-[]one-[]api-[]request$[][]\T1/ptm/m/n/10 .

Overfull \hbox (112.5879pt too wide) in paragraph at lines 368--370
[]\T1/ptm/m/n/10 You can check the num-ber of calls you can still make in the A
PI us-ing \T1/zi4/m/n/10 attr(output, "headers")$x.query.limit.remaining

Overfull \hbox (112.5879pt too wide) in paragraph at lines 382--384
[]\T1/ptm/m/n/10 You can check the num-ber of calls you can still make in the A
PI us-ing \T1/zi4/m/n/10 attr(output, "headers")$x.query.limit.remaining
[7]
No file Rd2.ind.
[8] (./Rd2.aux)

Package rerunfilecheck Warning: File `Rd2.out' has changed.
(rerunfilecheck)                Rerun to get outlines right
(rerunfilecheck)                or use package `bookmark'.

 )
(see the transcript file for additional information){/usr/local/texlive/2017/te
xmf-dist/fonts/enc/dvips/base/8r.enc}{/usr/local/texlive/2017/texmf-dist/fonts/
enc/dvips/inconsolata/i4-t1-0.enc}</usr/local/texlive/2017/texmf-dist/fonts/typ
e1/public/inconsolata/Inconsolata-zi4r.pfb></usr/local/texlive/2017/texmf-dist/
fonts/type1/urw/helvetic/uhvr8a.pfb></usr/local/texlive/2017/texmf-dist/fonts/t
ype1/urw/times/utmb8a.pfb></usr/local/texlive/2017/texmf-dist/fonts/type1/urw/t
imes/utmr8a.pfb></usr/local/texlive/2017/texmf-dist/fonts/type1/urw/times/utmr8
a.pfb></usr/local/texlive/2017/texmf-dist/fonts/type1/urw/times/utmri8a.pfb>
Output written on Rd2.pdf (8 pages, 95847 bytes).
Transcript written on Rd2.log.
This is makeindex, version 2.15 [TeX Live 2017] (kpathsea + Thai support).
Scanning input file Rd2.idx....done (5 entries accepted, 0 rejected).
Sorting entries....done (15 comparisons).
Generating output file Rd2.ind....done (9 lines written, 0 warnings).
Output written in Rd2.ind.
Transcript written in Rd2.ilg.
This is pdfTeX, Version 3.14159265-2.6-1.40.18 (TeX Live 2017) (preloaded format=pdflatex)
 restricted \write18 enabled.
entering extended mode
LaTeX2e <2017-04-15>
Babel <3.10> and hyphenation patterns for 84 language(s) loaded.
(./Rd2.tex
(/usr/local/texlive/2017/texmf-dist/tex/latex/base/book.cls
Document Class: book 2014/09/29 v1.4h Standard LaTeX document class
(/usr/local/texlive/2017/texmf-dist/tex/latex/base/bk10.clo))
(/Library/Frameworks/R.framework/Resources/share/texmf/tex/latex/Rd.sty
(/usr/local/texlive/2017/texmf-dist/tex/latex/base/ifthen.sty)
(/usr/local/texlive/2017/texmf-dist/tex/latex/tools/longtable.sty)
(/usr/local/texlive/2017/texmf-dist/tex/latex/tools/bm.sty)
(/usr/local/texlive/2017/texmf-dist/tex/latex/base/alltt.sty)
(/usr/local/texlive/2017/texmf-dist/tex/latex/tools/verbatim.sty)
(/usr/local/texlive/2017/texmf-dist/tex/latex/url/url.sty)
(/usr/local/texlive/2017/texmf-dist/tex/latex/base/textcomp.sty
(/usr/local/texlive/2017/texmf-dist/tex/latex/base/ts1enc.def))
(/usr/local/texlive/2017/texmf-dist/tex/latex/base/fontenc.sty
(/usr/local/texlive/2017/texmf-dist/tex/latex/base/t1enc.def))
(/usr/local/texlive/2017/texmf-dist/tex/latex/psnfss/times.sty)
(/usr/local/texlive/2017/texmf-dist/tex/latex/inconsolata/zi4.sty
`inconsolata-zi4' v1.112, 2017/01/04 Text macros for Inconsolata (msharpe)
(/usr/local/texlive/2017/texmf-dist/tex/latex/xkeyval/xkeyval.sty
(/usr/local/texlive/2017/texmf-dist/tex/generic/xkeyval/xkeyval.tex
(/usr/local/texlive/2017/texmf-dist/tex/generic/xkeyval/xkvutils.tex
(/usr/local/texlive/2017/texmf-dist/tex/generic/xkeyval/keyval.tex)))))
(/usr/local/texlive/2017/texmf-dist/tex/latex/graphics/color.sty
(/usr/local/texlive/2017/texmf-dist/tex/latex/graphics-cfg/color.cfg)
(/usr/local/texlive/2017/texmf-dist/tex/latex/graphics-def/pdftex.def
(/usr/local/texlive/2017/texmf-dist/tex/generic/oberdiek/infwarerr.sty)
(/usr/local/texlive/2017/texmf-dist/tex/generic/oberdiek/ltxcmds.sty)))
(/usr/local/texlive/2017/texmf-dist/tex/latex/hyperref/hyperref.sty
(/usr/local/texlive/2017/texmf-dist/tex/generic/oberdiek/hobsub-hyperref.sty
(/usr/local/texlive/2017/texmf-dist/tex/generic/oberdiek/hobsub-generic.sty))
(/usr/local/texlive/2017/texmf-dist/tex/generic/ifxetex/ifxetex.sty)
(/usr/local/texlive/2017/texmf-dist/tex/latex/oberdiek/auxhook.sty)
(/usr/local/texlive/2017/texmf-dist/tex/latex/oberdiek/kvoptions.sty)
(/usr/local/texlive/2017/texmf-dist/tex/latex/hyperref/pd1enc.def)
(/usr/local/texlive/2017/texmf-dist/tex/latex/latexconfig/hyperref.cfg))

Package hyperref Message: Driver (autodetected): hpdftex.

(/usr/local/texlive/2017/texmf-dist/tex/latex/hyperref/hpdftex.def
(/usr/local/texlive/2017/texmf-dist/tex/latex/oberdiek/rerunfilecheck.sty))

Package hyperref Warning: Option `hyperindex' has already been used,
(hyperref)                setting the option has no effect on input line 366.


Package hyperref Warning: Option `pagebackref' has already been used,
(hyperref)                setting the option has no effect on input line 366.

) (/usr/local/texlive/2017/texmf-dist/tex/latex/base/makeidx.sty)
(/usr/local/texlive/2017/texmf-dist/tex/latex/base/inputenc.sty
(/usr/local/texlive/2017/texmf-dist/tex/latex/base/utf8.def
(/usr/local/texlive/2017/texmf-dist/tex/latex/base/t1enc.dfu)
(/usr/local/texlive/2017/texmf-dist/tex/latex/base/ot1enc.dfu)
(/usr/local/texlive/2017/texmf-dist/tex/latex/base/omsenc.dfu)
(/usr/local/texlive/2017/texmf-dist/tex/latex/base/ts1enc.dfu)))
Writing index file Rd2.idx
(./Rd2.aux) (/usr/local/texlive/2017/texmf-dist/tex/latex/base/ts1cmr.fd)
(/usr/local/texlive/2017/texmf-dist/tex/latex/psnfss/t1ptm.fd)
(/usr/local/texlive/2017/texmf-dist/tex/context/base/mkii/supp-pdf.mkii
[Loading MPS to PDF converter (version 2006.09.02).]
) (/usr/local/texlive/2017/texmf-dist/tex/latex/hyperref/nameref.sty
(/usr/local/texlive/2017/texmf-dist/tex/generic/oberdiek/gettitlestring.sty))
(./Rd2.out) (./Rd2.out)
(/usr/local/texlive/2017/texmf-dist/tex/latex/base/utf8.def)
(/usr/local/texlive/2017/texmf-dist/tex/latex/inconsolata/t1zi4.fd)
(/usr/local/texlive/2017/texmf-dist/tex/latex/psnfss/t1phv.fd) (./Rd2.toc)
(/usr/local/texlive/2017/texmf-dist/tex/latex/base/utf8.def) [1{/usr/local/texl
ive/2017/texmf-var/fonts/map/pdftex/updmap/pdftex.map}]
(/usr/local/texlive/2017/texmf-dist/tex/latex/base/utf8.def) [2]
Overfull \hbox (112.5879pt too wide) in paragraph at lines 131--133
[]\T1/ptm/m/n/10 You can check the num-ber of calls you can still make in the A
PI us-ing \T1/zi4/m/n/10 attr(output, "headers")$x.query.limit.remaining
(/usr/local/texlive/2017/texmf-dist/tex/latex/base/utf8.def) [3]
Overfull \hbox (112.5879pt too wide) in paragraph at lines 195--197
[]\T1/ptm/m/n/10 You can check the num-ber of calls you can still make in the A
PI us-ing \T1/zi4/m/n/10 attr(output, "headers")$x.query.limit.remaining
[4] (/usr/local/texlive/2017/texmf-dist/tex/latex/base/utf8.def)
Overfull \hbox (72.92702pt too wide) in paragraph at lines 262--264
\T1/ptm/m/n/10 texts in in-put; max is 200, as per [Mon-keylearn documentation]
(docs.monkeylearn.com/article/api-

Overfull \hbox (254.28088pt too wide) in paragraph at lines 283--289
[][]$\T1/zi4/m/n/10 http : / / help . monkeylearn . com / frequently-[]asked-[]
questions / queries / can-[]i-[]classify-[]or-[]extract-[]more-[]than-[]one-[]t
ext-[]with-[]one-[]api-[]request$[][]\T1/ptm/m/n/10 .

Overfull \hbox (112.5879pt too wide) in paragraph at lines 290--292
[]\T1/ptm/m/n/10 You can check the num-ber of calls you can still make in the A
PI us-ing \T1/zi4/m/n/10 attr(output, "headers")$x.query.limit.remaining
[5] (/usr/local/texlive/2017/texmf-dist/tex/latex/base/utf8.def)
Overfull \hbox (72.92702pt too wide) in paragraph at lines 340--342
\T1/ptm/m/n/10 texts in in-put; max is 200, as per [Mon-keylearn documentation]
(docs.monkeylearn.com/article/api-
[6]
Overfull \hbox (254.28088pt too wide) in paragraph at lines 361--367
[][]$\T1/zi4/m/n/10 http : / / help . monkeylearn . com / frequently-[]asked-[]
questions / queries / can-[]i-[]classify-[]or-[]extract-[]more-[]than-[]one-[]t
ext-[]with-[]one-[]api-[]request$[][]\T1/ptm/m/n/10 .

Overfull \hbox (112.5879pt too wide) in paragraph at lines 368--370
[]\T1/ptm/m/n/10 You can check the num-ber of calls you can still make in the A
PI us-ing \T1/zi4/m/n/10 attr(output, "headers")$x.query.limit.remaining

Overfull \hbox (112.5879pt too wide) in paragraph at lines 382--384
[]\T1/ptm/m/n/10 You can check the num-ber of calls you can still make in the A
PI us-ing \T1/zi4/m/n/10 attr(output, "headers")$x.query.limit.remaining
[7] (./Rd2.ind [8] [9]) (./Rd2.aux)

Package rerunfilecheck Warning: File `Rd2.out' has changed.
(rerunfilecheck)                Rerun to get outlines right
(rerunfilecheck)                or use package `bookmark'.

 )
(see the transcript file for additional information){/usr/local/texlive/2017/te
xmf-dist/fonts/enc/dvips/base/8r.enc}{/usr/local/texlive/2017/texmf-dist/fonts/
enc/dvips/inconsolata/i4-t1-0.enc}</usr/local/texlive/2017/texmf-dist/fonts/typ
e1/public/inconsolata/Inconsolata-zi4r.pfb></usr/local/texlive/2017/texmf-dist/
fonts/type1/urw/helvetic/uhvr8a.pfb></usr/local/texlive/2017/texmf-dist/fonts/t
ype1/urw/times/utmb8a.pfb></usr/local/texlive/2017/texmf-dist/fonts/type1/urw/t
imes/utmr8a.pfb></usr/local/texlive/2017/texmf-dist/fonts/type1/urw/times/utmr8
a.pfb></usr/local/texlive/2017/texmf-dist/fonts/type1/urw/times/utmri8a.pfb>
Output written on Rd2.pdf (9 pages, 97058 bytes).
Transcript written on Rd2.log.
This is makeindex, version 2.15 [TeX Live 2017] (kpathsea + Thai support).
Scanning input file Rd2.idx....done (5 entries accepted, 0 rejected).
Sorting entries....done (15 comparisons).
Generating output file Rd2.ind....done (9 lines written, 0 warnings).
Output written in Rd2.ind.
Transcript written in Rd2.ilg.
This is pdfTeX, Version 3.14159265-2.6-1.40.18 (TeX Live 2017) (preloaded format=pdflatex)
 restricted \write18 enabled.
entering extended mode
LaTeX2e <2017-04-15>
Babel <3.10> and hyphenation patterns for 84 language(s) loaded.
(./Rd2.tex
(/usr/local/texlive/2017/texmf-dist/tex/latex/base/book.cls
Document Class: book 2014/09/29 v1.4h Standard LaTeX document class
(/usr/local/texlive/2017/texmf-dist/tex/latex/base/bk10.clo))
(/Library/Frameworks/R.framework/Resources/share/texmf/tex/latex/Rd.sty
(/usr/local/texlive/2017/texmf-dist/tex/latex/base/ifthen.sty)
(/usr/local/texlive/2017/texmf-dist/tex/latex/tools/longtable.sty)
(/usr/local/texlive/2017/texmf-dist/tex/latex/tools/bm.sty)
(/usr/local/texlive/2017/texmf-dist/tex/latex/base/alltt.sty)
(/usr/local/texlive/2017/texmf-dist/tex/latex/tools/verbatim.sty)
(/usr/local/texlive/2017/texmf-dist/tex/latex/url/url.sty)
(/usr/local/texlive/2017/texmf-dist/tex/latex/base/textcomp.sty
(/usr/local/texlive/2017/texmf-dist/tex/latex/base/ts1enc.def))
(/usr/local/texlive/2017/texmf-dist/tex/latex/base/fontenc.sty
(/usr/local/texlive/2017/texmf-dist/tex/latex/base/t1enc.def))
(/usr/local/texlive/2017/texmf-dist/tex/latex/psnfss/times.sty)
(/usr/local/texlive/2017/texmf-dist/tex/latex/inconsolata/zi4.sty
`inconsolata-zi4' v1.112, 2017/01/04 Text macros for Inconsolata (msharpe)
(/usr/local/texlive/2017/texmf-dist/tex/latex/xkeyval/xkeyval.sty
(/usr/local/texlive/2017/texmf-dist/tex/generic/xkeyval/xkeyval.tex
(/usr/local/texlive/2017/texmf-dist/tex/generic/xkeyval/xkvutils.tex
(/usr/local/texlive/2017/texmf-dist/tex/generic/xkeyval/keyval.tex)))))
(/usr/local/texlive/2017/texmf-dist/tex/latex/graphics/color.sty
(/usr/local/texlive/2017/texmf-dist/tex/latex/graphics-cfg/color.cfg)
(/usr/local/texlive/2017/texmf-dist/tex/latex/graphics-def/pdftex.def
(/usr/local/texlive/2017/texmf-dist/tex/generic/oberdiek/infwarerr.sty)
(/usr/local/texlive/2017/texmf-dist/tex/generic/oberdiek/ltxcmds.sty)))
(/usr/local/texlive/2017/texmf-dist/tex/latex/hyperref/hyperref.sty
(/usr/local/texlive/2017/texmf-dist/tex/generic/oberdiek/hobsub-hyperref.sty
(/usr/local/texlive/2017/texmf-dist/tex/generic/oberdiek/hobsub-generic.sty))
(/usr/local/texlive/2017/texmf-dist/tex/generic/ifxetex/ifxetex.sty)
(/usr/local/texlive/2017/texmf-dist/tex/latex/oberdiek/auxhook.sty)
(/usr/local/texlive/2017/texmf-dist/tex/latex/oberdiek/kvoptions.sty)
(/usr/local/texlive/2017/texmf-dist/tex/latex/hyperref/pd1enc.def)
(/usr/local/texlive/2017/texmf-dist/tex/latex/latexconfig/hyperref.cfg))

Package hyperref Message: Driver (autodetected): hpdftex.

(/usr/local/texlive/2017/texmf-dist/tex/latex/hyperref/hpdftex.def
(/usr/local/texlive/2017/texmf-dist/tex/latex/oberdiek/rerunfilecheck.sty))

Package hyperref Warning: Option `hyperindex' has already been used,
(hyperref)                setting the option has no effect on input line 366.


Package hyperref Warning: Option `pagebackref' has already been used,
(hyperref)                setting the option has no effect on input line 366.

) (/usr/local/texlive/2017/texmf-dist/tex/latex/base/makeidx.sty)
(/usr/local/texlive/2017/texmf-dist/tex/latex/base/inputenc.sty
(/usr/local/texlive/2017/texmf-dist/tex/latex/base/utf8.def
(/usr/local/texlive/2017/texmf-dist/tex/latex/base/t1enc.dfu)
(/usr/local/texlive/2017/texmf-dist/tex/latex/base/ot1enc.dfu)
(/usr/local/texlive/2017/texmf-dist/tex/latex/base/omsenc.dfu)
(/usr/local/texlive/2017/texmf-dist/tex/latex/base/ts1enc.dfu)))
Writing index file Rd2.idx
(./Rd2.aux) (/usr/local/texlive/2017/texmf-dist/tex/latex/base/ts1cmr.fd)
(/usr/local/texlive/2017/texmf-dist/tex/latex/psnfss/t1ptm.fd)
(/usr/local/texlive/2017/texmf-dist/tex/context/base/mkii/supp-pdf.mkii
[Loading MPS to PDF converter (version 2006.09.02).]
) (/usr/local/texlive/2017/texmf-dist/tex/latex/hyperref/nameref.sty
(/usr/local/texlive/2017/texmf-dist/tex/generic/oberdiek/gettitlestring.sty))
(./Rd2.out) (./Rd2.out)
(/usr/local/texlive/2017/texmf-dist/tex/latex/base/utf8.def)
(/usr/local/texlive/2017/texmf-dist/tex/latex/inconsolata/t1zi4.fd)
(/usr/local/texlive/2017/texmf-dist/tex/latex/psnfss/t1phv.fd) (./Rd2.toc
[1{/usr/local/texlive/2017/texmf-var/fonts/map/pdftex/updmap/pdftex.map}])
(/usr/local/texlive/2017/texmf-dist/tex/latex/base/utf8.def)
(/usr/local/texlive/2017/texmf-dist/tex/latex/base/utf8.def) [2]
Overfull \hbox (112.5879pt too wide) in paragraph at lines 131--133
[]\T1/ptm/m/n/10 You can check the num-ber of calls you can still make in the A
PI us-ing \T1/zi4/m/n/10 attr(output, "headers")$x.query.limit.remaining
(/usr/local/texlive/2017/texmf-dist/tex/latex/base/utf8.def) [3]
Overfull \hbox (112.5879pt too wide) in paragraph at lines 195--197
[]\T1/ptm/m/n/10 You can check the num-ber of calls you can still make in the A
PI us-ing \T1/zi4/m/n/10 attr(output, "headers")$x.query.limit.remaining
[4] (/usr/local/texlive/2017/texmf-dist/tex/latex/base/utf8.def)
Overfull \hbox (72.92702pt too wide) in paragraph at lines 262--264
\T1/ptm/m/n/10 texts in in-put; max is 200, as per [Mon-keylearn documentation]
(docs.monkeylearn.com/article/api-

Overfull \hbox (254.28088pt too wide) in paragraph at lines 283--289
[][]$\T1/zi4/m/n/10 http : / / help . monkeylearn . com / frequently-[]asked-[]
questions / queries / can-[]i-[]classify-[]or-[]extract-[]more-[]than-[]one-[]t
ext-[]with-[]one-[]api-[]request$[][]\T1/ptm/m/n/10 .

Overfull \hbox (112.5879pt too wide) in paragraph at lines 290--292
[]\T1/ptm/m/n/10 You can check the num-ber of calls you can still make in the A
PI us-ing \T1/zi4/m/n/10 attr(output, "headers")$x.query.limit.remaining
[5] (/usr/local/texlive/2017/texmf-dist/tex/latex/base/utf8.def)
Overfull \hbox (72.92702pt too wide) in paragraph at lines 340--342
\T1/ptm/m/n/10 texts in in-put; max is 200, as per [Mon-keylearn documentation]
(docs.monkeylearn.com/article/api-
[6]
Overfull \hbox (254.28088pt too wide) in paragraph at lines 361--367
[][]$\T1/zi4/m/n/10 http : / / help . monkeylearn . com / frequently-[]asked-[]
questions / queries / can-[]i-[]classify-[]or-[]extract-[]more-[]than-[]one-[]t
ext-[]with-[]one-[]api-[]request$[][]\T1/ptm/m/n/10 .

Overfull \hbox (112.5879pt too wide) in paragraph at lines 368--370
[]\T1/ptm/m/n/10 You can check the num-ber of calls you can still make in the A
PI us-ing \T1/zi4/m/n/10 attr(output, "headers")$x.query.limit.remaining

Overfull \hbox (112.5879pt too wide) in paragraph at lines 382--384
[]\T1/ptm/m/n/10 You can check the num-ber of calls you can still make in the A
PI us-ing \T1/zi4/m/n/10 attr(output, "headers")$x.query.limit.remaining
[7] (./Rd2.ind [8] [9]) (./Rd2.aux) )
(see the transcript file for additional information){/usr/local/texlive/2017/te
xmf-dist/fonts/enc/dvips/base/8r.enc}{/usr/local/texlive/2017/texmf-dist/fonts/
enc/dvips/inconsolata/i4-t1-0.enc}</usr/local/texlive/2017/texmf-dist/fonts/typ
e1/public/inconsolata/Inconsolata-zi4r.pfb></usr/local/texlive/2017/texmf-dist/
fonts/type1/urw/helvetic/uhvr8a.pfb></usr/local/texlive/2017/texmf-dist/fonts/t
ype1/urw/times/utmb8a.pfb></usr/local/texlive/2017/texmf-dist/fonts/type1/urw/t
imes/utmr8a.pfb></usr/local/texlive/2017/texmf-dist/fonts/type1/urw/times/utmr8
a.pfb></usr/local/texlive/2017/texmf-dist/fonts/type1/urw/times/utmri8a.pfb>
Output written on Rd2.pdf (9 pages, 97367 bytes).
Transcript written on Rd2.log.
Saving output to ‘monkeylearn-manual.pdf’ ...
Done
You may want to clean up by 'rm -Rf /var/folders/fc/n7g_vrvn0sx_st0p8lxb3ts40000gn/T//RtmpWIBVR1/Rd2pdf5ae17937648b'
